[debug] [2022-01-21T19:11:21.578Z] ----------------------------------------------------------------------
[debug] [2022-01-21T19:11:21.583Z] Command:       C:\Program Files\nodejs\node.exe C:\Users\rvnir\AppData\Roaming\npm\node_modules\firebase-tools\lib\bin\firebase.js emulators:start --only functions
[debug] [2022-01-21T19:11:21.584Z] CLI Version:   10.1.1
[debug] [2022-01-21T19:11:21.584Z] Platform:      win32
[debug] [2022-01-21T19:11:21.584Z] Node Version:  v14.17.6
[debug] [2022-01-21T19:11:21.591Z] Time:          Fri Jan 21 2022 22:11:21 GMT+0300 (East Africa Time)
[debug] [2022-01-21T19:11:21.591Z] ----------------------------------------------------------------------
[debug] 
[debug] [2022-01-21T19:11:21.597Z] >>> [apiv2][query] GET https://firebase-public.firebaseio.com/cli.json [none]
[debug] [2022-01-21T19:11:21.722Z] > command requires scopes: ["email","openid","https://www.googleapis.com/auth/cloudplatformprojects.readonly","https://www.googleapis.com/auth/firebase","https://www.googleapis.com/auth/cloud-platform"]
[debug] [2022-01-21T19:11:21.722Z] > authorizing via signed-in user (rv.nirmalala@gmail.com)
[info] i  emulators: Starting emulators: functions {"metadata":{"emulator":{"name":"hub"},"message":"Starting emulators: functions"}}
[debug] [2022-01-21T19:11:21.750Z] [hub] writing locator at C:\Users\rvnir\AppData\Local\Temp\hub-meals-finder-adf3e.json
[warn] !  functions: The following emulators are not running, calls to these services from the Functions emulator will affect production: auth, firestore, database, hosting, pubsub, storage {"metadata":{"emulator":{"name":"functions"},"message":"The following emulators are not running, calls to these services from the Functions emulator will affect production: \u001b[1mauth, firestore, database, hosting, pubsub, storage\u001b[22m"}}
[warn] !  Your requested "node" version "14.17.6" doesn't match your global version "14" {"metadata":{"emulator":{"name":"functions"},"message":"Your requested \"node\" version \"14.17.6\" doesn't match your global version \"14\""}}
[debug] [2022-01-21T19:11:21.785Z] defaultcredentials: writing to file C:\Users\rvnir\AppData\Roaming\firebase\rv_nirmalala_gmail.com_application_default_credentials.json
[debug] [2022-01-21T19:11:21.787Z] Setting GAC to C:\Users\rvnir\AppData\Roaming\firebase\rv_nirmalala_gmail.com_application_default_credentials.json {"metadata":{"emulator":{"name":"functions"},"message":"Setting GAC to C:\\Users\\rvnir\\AppData\\Roaming\\firebase\\rv_nirmalala_gmail.com_application_default_credentials.json"}}
[debug] [2022-01-21T19:11:21.789Z] > refreshing access token with scopes: []
[debug] [2022-01-21T19:11:21.790Z] >>> HTTP REQUEST POST https://www.googleapis.com/oauth2/v3/token  
 <request body omitted>
[debug] [2022-01-21T19:11:22.495Z] <<< HTTP RESPONSE 200 {"date":"Fri, 21 Jan 2022 19:12:38 GMT","cache-control":"no-cache, no-store, max-age=0, must-revalidate","pragma":"no-cache","expires":"Mon, 01 Jan 1990 00:00:00 GMT","content-type":"application/json; charset=utf-8","vary":"X-Origin, Referer, Origin,Accept-Encoding","server":"scaffolding on HTTPServer2","x-xss-protection":"0","x-frame-options":"SAMEORIGIN","x-content-type-options":"nosniff","alt-svc":"h3=\":443\"; ma=2592000,h3-29=\":443\"; ma=2592000,h3-Q050=\":443\"; ma=2592000,h3-Q046=\":443\"; ma=2592000,h3-Q043=\":443\"; ma=2592000,quic=\":443\"; ma=2592000; v=\"46,43\"","accept-ranges":"none","transfer-encoding":"chunked"}
[debug] [2022-01-21T19:11:22.522Z] >>> [apiv2][query] GET https://firebase.googleapis.com/v1beta1/projects/meals-finder-adf3e/adminSdkConfig [none]
[debug] [2022-01-21T19:11:23.363Z] <<< [apiv2][status] GET https://firebase-public.firebaseio.com/cli.json 200
[debug] [2022-01-21T19:11:23.364Z] <<< [apiv2][body] GET https://firebase-public.firebaseio.com/cli.json {"cloudBuildErrorAfter":1594252800000,"cloudBuildWarnAfter":1590019200000,"defaultNode10After":1594252800000,"minVersion":"3.0.5","node8DeploysDisabledAfter":1613390400000,"node8RuntimeDisabledAfter":1615809600000,"node8WarnAfter":1600128000000}
[debug] [2022-01-21T19:11:23.394Z] <<< [apiv2][status] GET https://firebase.googleapis.com/v1beta1/projects/meals-finder-adf3e/adminSdkConfig 200
[debug] [2022-01-21T19:11:23.395Z] <<< [apiv2][body] GET https://firebase.googleapis.com/v1beta1/projects/meals-finder-adf3e/adminSdkConfig {"projectId":"meals-finder-adf3e","storageBucket":"meals-finder-adf3e.appspot.com"}
[debug] [2022-01-21T19:11:23.448Z] Ignoring unsupported arg: auto_download {"metadata":{"emulator":{"name":"ui"},"message":"Ignoring unsupported arg: auto_download"}}
[debug] [2022-01-21T19:11:23.449Z] Ignoring unsupported arg: port {"metadata":{"emulator":{"name":"ui"},"message":"Ignoring unsupported arg: port"}}
[debug] [2022-01-21T19:11:23.449Z] Starting Emulator UI with command {"binary":"node","args":["C:\\Users\\rvnir\\.cache\\firebase\\emulators\\ui-v1.6.4\\server.bundle.js"],"optionalArgs":[],"joinArgs":false} {"metadata":{"emulator":{"name":"ui"},"message":"Starting Emulator UI with command {\"binary\":\"node\",\"args\":[\"C:\\\\Users\\\\rvnir\\\\.cache\\\\firebase\\\\emulators\\\\ui-v1.6.4\\\\server.bundle.js\"],\"optionalArgs\":[],\"joinArgs\":false}"}}
[info] i  ui: Emulator UI logging to ui-debug.log {"metadata":{"emulator":{"name":"ui"},"message":"Emulator UI logging to \u001b[1mui-debug.log\u001b[22m"}}
[debug] [2022-01-21T19:11:23.882Z] Web / API server started at localhost:4000
 {"metadata":{"emulator":{"name":"ui"},"message":"Web / API server started at localhost:4000\n"}}
[info] i  functions: Watching "E:\Projects\MealsFinder\functions" for Cloud Functions... {"metadata":{"emulator":{"name":"functions"},"message":"Watching \"E:\\Projects\\MealsFinder\\functions\" for Cloud Functions..."}}
[debug] [2022-01-21T19:11:24.063Z] [worker-pool] addWorker(~diagnostic~) {"metadata":{"emulator":{"name":"functions"},"message":"[worker-pool] addWorker(~diagnostic~)"}}
[debug] [2022-01-21T19:11:24.064Z] [worker-pool] Adding worker with key ~diagnostic~, total=1 {"metadata":{"emulator":{"name":"functions"},"message":"[worker-pool] Adding worker with key ~diagnostic~, total=1"}}
[debug] [2022-01-21T19:11:24.065Z] [worker-pool] submitWork(triggerId=) {"metadata":{"emulator":{"name":"functions"},"message":"[worker-pool] submitWork(triggerId=)"}}
[debug] [2022-01-21T19:11:24.067Z] [worker-~diagnostic~-8a5f0e15-dc8b-4fae-a12a-f4fb590aef86]: Assigning socketPath: \\?\pipe\E:\Projects\MealsFinder\functions\6004 {"metadata":{"emulator":{"name":"functions"},"message":"[worker-~diagnostic~-8a5f0e15-dc8b-4fae-a12a-f4fb590aef86]: Assigning socketPath: \\\\?\\pipe\\E:\\Projects\\MealsFinder\\functions\\6004"}}
[debug] [2022-01-21T19:11:24.069Z] [worker-~diagnostic~-8a5f0e15-dc8b-4fae-a12a-f4fb590aef86]: BUSY {"metadata":{"emulator":{"name":"functions"},"message":"[worker-~diagnostic~-8a5f0e15-dc8b-4fae-a12a-f4fb590aef86]: BUSY"}}
[debug] [2022-01-21T19:11:24.556Z] [runtime-status] [6004] Functions runtime initialized. {"cwd":"E:\\Projects\\MealsFinder\\functions","node_version":"14.17.6"} {"metadata":{"emulator":{"name":"functions"},"message":"[runtime-status] [6004] Functions runtime initialized. {\"cwd\":\"E:\\\\Projects\\\\MealsFinder\\\\functions\",\"node_version\":\"14.17.6\"}"}}
[debug] [2022-01-21T19:11:24.557Z] [runtime-status] [6004] Disabled runtime features: undefined {"metadata":{"emulator":{"name":"functions"},"message":"[runtime-status] [6004] Disabled runtime features: undefined"}}
[debug] [2022-01-21T19:11:24.561Z] [runtime-status] [6004] Resolved module firebase-admin {"declared":true,"installed":true,"version":"9.12.0","resolution":"E:\\Projects\\MealsFinder\\functions\\node_modules\\firebase-admin\\lib\\index.js"} {"metadata":{"emulator":{"name":"functions"},"message":"[runtime-status] [6004] Resolved module firebase-admin {\"declared\":true,\"installed\":true,\"version\":\"9.12.0\",\"resolution\":\"E:\\\\Projects\\\\MealsFinder\\\\functions\\\\node_modules\\\\firebase-admin\\\\lib\\\\index.js\"}"}}
[debug] [2022-01-21T19:11:24.570Z] [runtime-status] [6004] Resolved module firebase-functions {"declared":true,"installed":true,"version":"3.16.0","resolution":"E:\\Projects\\MealsFinder\\functions\\node_modules\\firebase-functions\\lib\\index.js"} {"metadata":{"emulator":{"name":"functions"},"message":"[runtime-status] [6004] Resolved module firebase-functions {\"declared\":true,\"installed\":true,\"version\":\"3.16.0\",\"resolution\":\"E:\\\\Projects\\\\MealsFinder\\\\functions\\\\node_modules\\\\firebase-functions\\\\lib\\\\index.js\"}"}}
[debug] [2022-01-21T19:11:24.574Z] [runtime-status] [6004] Outgoing network have been stubbed. [{"name":"http","status":"mocked"},{"name":"http","status":"mocked"},{"name":"https","status":"mocked"},{"name":"https","status":"mocked"},{"name":"net","status":"mocked"}] {"metadata":{"emulator":{"name":"functions"},"message":"[runtime-status] [6004] Outgoing network have been stubbed. [{\"name\":\"http\",\"status\":\"mocked\"},{\"name\":\"http\",\"status\":\"mocked\"},{\"name\":\"https\",\"status\":\"mocked\"},{\"name\":\"https\",\"status\":\"mocked\"},{\"name\":\"net\",\"status\":\"mocked\"}]"}}
[debug] [2022-01-21T19:11:24.576Z] [runtime-status] [6004] Resolved module firebase-functions {"declared":true,"installed":true,"version":"3.16.0","resolution":"E:\\Projects\\MealsFinder\\functions\\node_modules\\firebase-functions\\lib\\index.js"} {"metadata":{"emulator":{"name":"functions"},"message":"[runtime-status] [6004] Resolved module firebase-functions {\"declared\":true,\"installed\":true,\"version\":\"3.16.0\",\"resolution\":\"E:\\\\Projects\\\\MealsFinder\\\\functions\\\\node_modules\\\\firebase-functions\\\\lib\\\\index.js\"}"}}
[debug] [2022-01-21T19:11:24.712Z] [runtime-status] [6004] Checked functions.config() {"config":{}} {"metadata":{"emulator":{"name":"functions"},"message":"[runtime-status] [6004] Checked functions.config() {\"config\":{}}"}}
[debug] [2022-01-21T19:11:24.713Z] [runtime-status] [6004] firebase-functions has been stubbed. {"functionsResolution":{"declared":true,"installed":true,"version":"3.16.0","resolution":"E:\\Projects\\MealsFinder\\functions\\node_modules\\firebase-functions\\lib\\index.js"}} {"metadata":{"emulator":{"name":"functions"},"message":"[runtime-status] [6004] firebase-functions has been stubbed. {\"functionsResolution\":{\"declared\":true,\"installed\":true,\"version\":\"3.16.0\",\"resolution\":\"E:\\\\Projects\\\\MealsFinder\\\\functions\\\\node_modules\\\\firebase-functions\\\\lib\\\\index.js\"}}"}}
[debug] [2022-01-21T19:11:24.715Z] [runtime-status] [6004] Resolved module firebase-functions {"declared":true,"installed":true,"version":"3.16.0","resolution":"E:\\Projects\\MealsFinder\\functions\\node_modules\\firebase-functions\\lib\\index.js"} {"metadata":{"emulator":{"name":"functions"},"message":"[runtime-status] [6004] Resolved module firebase-functions {\"declared\":true,\"installed\":true,\"version\":\"3.16.0\",\"resolution\":\"E:\\\\Projects\\\\MealsFinder\\\\functions\\\\node_modules\\\\firebase-functions\\\\lib\\\\index.js\"}"}}
[debug] [2022-01-21T19:11:24.718Z] [runtime-status] [6004] Resolved module firebase-admin {"declared":true,"installed":true,"version":"9.12.0","resolution":"E:\\Projects\\MealsFinder\\functions\\node_modules\\firebase-admin\\lib\\index.js"} {"metadata":{"emulator":{"name":"functions"},"message":"[runtime-status] [6004] Resolved module firebase-admin {\"declared\":true,\"installed\":true,\"version\":\"9.12.0\",\"resolution\":\"E:\\\\Projects\\\\MealsFinder\\\\functions\\\\node_modules\\\\firebase-admin\\\\lib\\\\index.js\"}"}}
[debug] [2022-01-21T19:11:24.722Z] [runtime-status] [6004] Resolved module firebase-functions {"declared":true,"installed":true,"version":"3.16.0","resolution":"E:\\Projects\\MealsFinder\\functions\\node_modules\\firebase-functions\\lib\\index.js"} {"metadata":{"emulator":{"name":"functions"},"message":"[runtime-status] [6004] Resolved module firebase-functions {\"declared\":true,\"installed\":true,\"version\":\"3.16.0\",\"resolution\":\"E:\\\\Projects\\\\MealsFinder\\\\functions\\\\node_modules\\\\firebase-functions\\\\lib\\\\index.js\"}"}}
[debug] [2022-01-21T19:11:24.723Z] [runtime-status] [6004] firebase-admin has been stubbed. {"adminResolution":{"declared":true,"installed":true,"version":"9.12.0","resolution":"E:\\Projects\\MealsFinder\\functions\\node_modules\\firebase-admin\\lib\\index.js"}} {"metadata":{"emulator":{"name":"functions"},"message":"[runtime-status] [6004] firebase-admin has been stubbed. {\"adminResolution\":{\"declared\":true,\"installed\":true,\"version\":\"9.12.0\",\"resolution\":\"E:\\\\Projects\\\\MealsFinder\\\\functions\\\\node_modules\\\\firebase-admin\\\\lib\\\\index.js\"}}"}}
[info] +  functions[us-central1-geocode]: http function initialized (http://localhost:5001/meals-finder-adf3e/us-central1/geocode). {"metadata":{"emulator":{"name":"functions"},"message":"\u001b[1mhttp\u001b[22m function initialized (http://localhost:5001/meals-finder-adf3e/us-central1/geocode)."}}
[info] 
┌─────────────────────────────────────────────────────────────┐
│ ✔  All emulators ready! It is now safe to connect your app. │
│ i  View Emulator UI at http://localhost:4000                │
└─────────────────────────────────────────────────────────────┘

┌───────────┬────────────────┬─────────────────────────────────┐
│ Emulator  │ Host:Port      │ View in Emulator UI             │
├───────────┼────────────────┼─────────────────────────────────┤
│ Functions │ localhost:5001 │ http://localhost:4000/functions │
└───────────┴────────────────┴─────────────────────────────────┘
  Emulator Hub running at localhost:4400
  Other reserved ports: 4500

Issues? Report them at https://github.com/firebase/firebase-tools/issues and attach the *-debug.log files.
 
[debug] [2022-01-21T19:11:24.748Z] [worker-~diagnostic~-8a5f0e15-dc8b-4fae-a12a-f4fb590aef86]: IDLE {"metadata":{"emulator":{"name":"functions"},"message":"[worker-~diagnostic~-8a5f0e15-dc8b-4fae-a12a-f4fb590aef86]: IDLE"}}
